app/build/outputs/logs/manifest-merger-debug-report.txt
-- Merging decision tree log ---
manifest
ADDED from src\main\AndroidManifest.xml:2:1-210:12
INJECTED from src\main\AndroidManifest.xml:2:1-210:12
INJECTED from src\main\AndroidManifest.xml:2:1-210:12
INJECTED from src\main\AndroidManifest.xml:2:1-210:12
MERGED from [androidx.databinding:databinding-adapters:8.4.0] AndroidManifest.xml:2:1-7:12
MERGED from [androidx.databinding:databinding-ktx:8.4.0] AndroidManifest.xml:2:1-7:12
MERGED from [androidx.databinding:databinding-runtime:8.4.0] AndroidManifest.xml:2:1-7:12
MERGED from [androidx.databinding:viewbinding:8.4.0] AndroidManifest.xml:2:1-7:12
MERGED from [com.google.android.material:material:1.11.0] AndroidManifest.xml:17:1-24:12
MERGED from [androidx.constraintlayout:constraintlayout:2.1.4] AndroidManifest.xml:2:1-11:12
MERGED from [androidx.biometric:biometric:1.1.0] AndroidManifest.xml:17:1-29:12
MERGED from [androidx.appcompat:appcompat-resources:1.6.1] AndroidManifest.xml:17:1-22:12
MERGED from [androidx.appcompat:appcompat:1.6.1] AndroidManifest.xml:17:1-22:12
MERGED from [androidx.recyclerview:recyclerview:1.3.2] AndroidManifest.xml:17:1-22:12
MERGED from [androidx.viewpager2:viewpager2:1.1.0-beta02] AndroidManifest.xml:2:1-7:12
MERGED from [androidx.fragment:fragment:1.7.1] AndroidManifest.xml:2:1-7:12
MERGED from [androidx.fragment:fragment-ktx:1.7.1] AndroidManifest.xml:2:1-7:12
MERGED from [androidx.activity:activity:1.9.0] AndroidManifest.xml:17:1-22:12
MERGED from [androidx.activity:activity-ktx:1.9.0] AndroidManifest.xml:2:1-7:12
MERGED from [androidx.emoji2:emoji2-views-helper:1.2.0] AndroidManifest.xml:2:1-7:12
MERGED from [androidx.emoji2:emoji2:1.2.0] AndroidManifest.xml:17:1-35:12
MERGED from [androidx.savedstate:savedstate-ktx:1.2.1] AndroidManifest.xml:17:1-22:12
MERGED from [androidx.lifecycle:lifecycle-viewmodel-savedstate:2.7.0] AndroidManifest.xml:17:1-22:12
MERGED from [androidx.savedstate:savedstate:1.2.1] AndroidManifest.xml:17:1-22:12
MERGED from [androidx.lifecycle:lifecycle-livedata-core:2.7.0] AndroidManifest.xml:17:1-22:12
MERGED from [androidx.lifecycle:lifecycle-service:2.7.0] AndroidManifest.xml:2:1-7:12
MERGED from [com.google.ai.client.generativeai:generativeai:0.9.0] AndroidManifest.xml:17:1-24:12
MERGED from [androidx.customview:customview-poolingcontainer:1.0.0] AndroidManifest.xml:17:1-23:12
MERGED from [com.google.ai.client.generativeai:common:0.8.0] AndroidManifest.xml:17:1-24:12
MERGED from [androidx.core:core-ktx:1.13.0] AndroidManifest.xml:2:1-7:12
MERGED from [androidx.drawerlayout:drawerlayout:1.1.1] AndroidManifest.xml:17:1-24:12
MERGED from [androidx.coordinatorlayout:coordinatorlayout:1.1.0] AndroidManifest.xml:17:1-24:12
MERGED from [androidx.dynamicanimation:dynamicanimation:1.0.0] AndroidManifest.xml:17:1-22:12
MERGED from [androidx.transition:transition:1.2.0] AndroidManifest.xml:17:1-24:12
MERGED from [androidx.vectordrawable:vectordrawable-animated:1.1.0] AndroidManifest.xml:17:1-24:12
MERGED from [androidx.vectordrawable:vectordrawable:1.1.0] AndroidManifest.xml:17:1-24:12
MERGED from [androidx.legacy:legacy-support-core-utils:1.0.0] AndroidManifest.xml:17:1-22:12
MERGED from [androidx.loader:loader:1.0.0] AndroidManifest.xml:17:1-22:12
MERGED from [androidx.viewpager:viewpager:1.0.0] AndroidManifest.xml:17:1-22:12
MERGED from [androidx.customview:customview:1.1.0] AndroidManifest.xml:17:1-24:12
MERGED from [androidx.core:core:1.13.0] AndroidManifest.xml:17:1-30:12
MERGED from [androidx.lifecycle:lifecycle-runtime:2.7.0] AndroidManifest.xml:2:1-7:12
MERGED from [androidx.lifecycle:lifecycle-process:2.7.0] AndroidManifest.xml:17:1-35:12
MERGED from [androidx.lifecycle:lifecycle-livedata-core-ktx:2.7.0] AndroidManifest.xml:2:1-7:12
MERGED from [androidx.lifecycle:lifecycle-livedata:2.7.0] AndroidManifest.xml:17:1-22:12
MERGED from [androidx.lifecycle:lifecycle-viewmodel:2.7.0] AndroidManifest.xml:17:1-22:12
MERGED from [androidx.lifecycle:lifecycle-runtime-ktx:2.7.0] AndroidManifest.xml:17:1-22:12
MERGED from [androidx.lifecycle:lifecycle-livedata-ktx:2.7.0] AndroidManifest.xml:2:1-7:12
MERGED from [androidx.lifecycle:lifecycle-viewmodel-ktx:2.7.0] AndroidManifest.xml:2:1-7:12
MERGED from [androidx.profileinstaller:profileinstaller:1.3.1] AndroidManifest.xml:17:1-55:12
MERGED from [androidx.annotation:annotation-experimental:1.4.0] AndroidManifest.xml:2:1-7:12
MERGED from [androidx.cardview:cardview:1.0.0] AndroidManifest.xml:17:1-22:12
MERGED from [androidx.security:security-crypto:1.1.0-alpha06] AndroidManifest.xml:17:1-22:12
MERGED from [androidx.cursoradapter:cursoradapter:1.0.0] AndroidManifest.xml:17:1-22:12
MERGED from [androidx.versionedparcelable:versionedparcelable:1.1.1] AndroidManifest.xml:17:1-27:12
MERGED from [androidx.startup:startup-runtime:1.1.1] AndroidManifest.xml:17:1-33:12
MERGED from [androidx.tracing:tracing:1.0.0] AndroidManifest.xml:17:1-24:12
MERGED from [androidx.arch.core:core-runtime:2.2.0] AndroidManifest.xml:17:1-22:12
MERGED from [androidx.interpolator:interpolator:1.0.0] AndroidManifest.xml:17:1-22:12
MERGED from [androidx.documentfile:documentfile:1.0.0] AndroidManifest.xml:17:1-22:12
MERGED from [androidx.localbroadcastmanager:localbroadcastmanager:1.0.0] AndroidManifest.xml:17:1-22:12
MERGED from [androidx.print:print:1.0.0] AndroidManifest.xml:17:1-22:12
	package
		ADDED from src\main\AndroidManifest.xml:4:5-33
		INJECTED from src\main\AndroidManifest.xml
	android:versionName
		INJECTED from src\main\AndroidManifest.xml
	xmlns:tools
		ADDED from src\main\AndroidManifest.xml:3:5-51
	android:versionCode
		INJECTED from src\main\AndroidManifest.xml
	xmlns:android
		ADDED from src\main\AndroidManifest.xml:2:11-69
uses-permission#android.permission.RECORD_AUDIO
ADDED from src\main\AndroidManifest.xml:7:5-71
	android:name
		ADDED from src\main\AndroidManifest.xml:7:22-68
uses-permission#android.permission.INTERNET
ADDED from src\main\AndroidManifest.xml:8:5-67
MERGED from [com.google.ai.client.generativeai:generativeai:0.9.0] AndroidManifest.xml:22:5-67
MERGED from [com.google.ai.client.generativeai:generativeai:0.9.0] AndroidManifest.xml:22:5-67
MERGED from [com.google.ai.client.generativeai:common:0.8.0] AndroidManifest.xml:22:5-67
MERGED from [com.google.ai.client.generativeai:common:0.8.0] AndroidManifest.xml:22:5-67
	android:name
		ADDED from src\main\AndroidManifest.xml:8:22-64
uses-permission#android.permission.READ_CONTACTS
ADDED from src\main\AndroidManifest.xml:9:5-72
	android:name
		ADDED from src\main\AndroidManifest.xml:9:22-69
uses-permission#android.permission.WRITE_CONTACTS
ADDED from src\main\AndroidManifest.xml:10:5-73
	android:name
		ADDED from src\main\AndroidManifest.xml:10:22-70
uses-permission#android.permission.READ_PHONE_STATE
ADDED from src\main\AndroidManifest.xml:11:5-75
	android:name
		ADDED from src\main\AndroidManifest.xml:11:22-72
uses-permission#android.permission.READ_CALL_LOG
ADDED from src\main\AndroidManifest.xml:12:5-72
	android:name
		ADDED from src\main\AndroidManifest.xml:12:22-69
uses-permission#android.permission.ANSWER_PHONE_CALLS
ADDED from src\main\AndroidManifest.xml:13:5-77
	android:name
		ADDED from src\main\AndroidManifest.xml:13:22-74
uses-permission#android.permission.CALL_PHONE
ADDED from src\main\AndroidManifest.xml:14:5-69
	android:name
		ADDED from src\main\AndroidManifest.xml:14:22-66
uses-permission#android.permission.SEND_SMS
ADDED from src\main\AndroidManifest.xml:15:5-67
	android:name
		ADDED from src\main\AndroidManifest.xml:15:22-64
uses-permission#android.permission.MODIFY_PHONE_STATE
ADDED from src\main\AndroidManifest.xml:16:5-17:47
	tools:ignore
		ADDED from src\main\AndroidManifest.xml:17:9-44
	android:name
		ADDED from src\main\AndroidManifest.xml:16:22-74
uses-permission#android.permission.FOREGROUND_SERVICE
ADDED from src\main\AndroidManifest.xml:20:5-77
	android:name
		ADDED from src\main\AndroidManifest.xml:20:22-74
uses-permission#android.permission.FOREGROUND_SERVICE_MICROPHONE
ADDED from src\main\AndroidManifest.xml:21:5-88
	android:name
		ADDED from src\main\AndroidManifest.xml:21:22-85
uses-permission#android.permission.FOREGROUND_SERVICE_SPECIAL_USE
ADDED from src\main\AndroidManifest.xml:22:5-89
	android:name
		ADDED from src\main\AndroidManifest.xml:22:22-86
uses-permission#android.permission.FOREGROUND_SERVICE_MEDIA_PLAYBACK
ADDED from src\main\AndroidManifest.xml:23:5-92
	android:name
		ADDED from src\main\AndroidManifest.xml:23:22-89
uses-permission#android.permission.USE_BIOMETRIC
ADDED from src\main\AndroidManifest.xml:26:5-72
MERGED from [androidx.biometric:biometric:1.1.0] AndroidManifest.xml:24:5-72
MERGED from [androidx.biometric:biometric:1.1.0] AndroidManifest.xml:24:5-72
	android:name
		ADDED from src\main\AndroidManifest.xml:26:22-69
uses-permission#android.permission.SYSTEM_ALERT_WINDOW
ADDED from src\main\AndroidManifest.xml:27:5-78
	android:name
		ADDED from src\main\AndroidManifest.xml:27:22-75
uses-permission#android.permission.RECEIVE_BOOT_COMPLETED
ADDED from src\main\AndroidManifest.xml:28:5-81
	android:name
		ADDED from src\main\AndroidManifest.xml:28:22-78
uses-permission#android.permission.CAMERA
ADDED from src\main\AndroidManifest.xml:29:5-65
	android:name
		ADDED from src\main\AndroidManifest.xml:29:22-62
uses-permission#android.permission.FLASHLIGHT
ADDED from src\main\AndroidManifest.xml:30:5-69
	android:name
		ADDED from src\main\AndroidManifest.xml:30:22-66
uses-permission#android.permission.VIBRATE
ADDED from src\main\AndroidManifest.xml:31:5-66
	android:name
		ADDED from src\main\AndroidManifest.xml:31:22-63
uses-permission#android.permission.WAKE_LOCK
ADDED from src\main\AndroidManifest.xml:32:5-68
	android:name
		ADDED from src\main\AndroidManifest.xml:32:22-65
uses-permission#android.permission.ACCESS_WIFI_STATE
ADDED from src\main\AndroidManifest.xml:35:5-76
	android:name
		ADDED from src\main\AndroidManifest.xml:35:22-73
uses-permission#android.permission.CHANGE_WIFI_STATE
ADDED from src\main\AndroidManifest.xml:36:5-76
	android:name
		ADDED from src\main\AndroidManifest.xml:36:22-73
uses-permission#android.permission.BLUETOOTH
ADDED from src\main\AndroidManifest.xml:37:5-68
	android:name
		ADDED from src\main\AndroidManifest.xml:37:22-65
uses-permission#android.permission.BLUETOOTH_ADMIN
ADDED from src\main\AndroidManifest.xml:38:5-74
	android:name
		ADDED from src\main\AndroidManifest.xml:38:22-71
uses-permission#android.permission.BLUETOOTH_CONNECT
ADDED from src\main\AndroidManifest.xml:39:5-76
	android:name
		ADDED from src\main\AndroidManifest.xml:39:22-73
uses-permission#android.permission.MODIFY_AUDIO_SETTINGS
ADDED from src\main\AndroidManifest.xml:40:5-80
	android:name
		ADDED from src\main\AndroidManifest.xml:40:22-77
uses-permission#android.permission.READ_EXTERNAL_STORAGE
ADDED from src\main\AndroidManifest.xml:43:5-80
	android:name
		ADDED from src\main\AndroidManifest.xml:43:22-77
uses-permission#android.permission.WRITE_EXTERNAL_STORAGE
ADDED from src\main\AndroidManifest.xml:44:5-81
	android:name
		ADDED from src\main\AndroidManifest.xml:44:22-78
uses-permission#android.permission.QUERY_ALL_PACKAGES
ADDED from src\main\AndroidManifest.xml:47:5-77
	android:name
		ADDED from src\main\AndroidManifest.xml:47:22-74
uses-permission#android.permission.BIND_DEVICE_ADMIN
ADDED from src\main\AndroidManifest.xml:48:5-76
	android:name
		ADDED from src\main\AndroidManifest.xml:48:22-73
uses-permission#android.permission.PACKAGE_USAGE_STATS
ADDED from src\main\AndroidManifest.xml:49:5-50:47
	tools:ignore
		ADDED from src\main\AndroidManifest.xml:50:9-44
	android:name
		ADDED from src\main\AndroidManifest.xml:49:22-75
application
ADDED from src\main\AndroidManifest.xml:54:5-208:19
INJECTED from src\main\AndroidManifest.xml:54:5-208:19
MERGED from [com.google.android.material:material:1.11.0] AndroidManifest.xml:22:5-20
MERGED from [com.google.android.material:material:1.11.0] AndroidManifest.xml:22:5-20
MERGED from [androidx.constraintlayout:constraintlayout:2.1.4] AndroidManifest.xml:9:5-20
MERGED from [androidx.constraintlayout:constraintlayout:2.1.4] AndroidManifest.xml:9:5-20
MERGED from [androidx.emoji2:emoji2:1.2.0] AndroidManifest.xml:23:5-33:19
MERGED from [androidx.emoji2:emoji2:1.2.0] AndroidManifest.xml:23:5-33:19
MERGED from [androidx.core:core:1.13.0] AndroidManifest.xml:28:5-89
MERGED from [androidx.core:core:1.13.0] AndroidManifest.xml:28:5-89
MERGED from [androidx.lifecycle:lifecycle-process:2.7.0] AndroidManifest.xml:23:5-33:19
MERGED from [androidx.lifecycle:lifecycle-process:2.7.0] AndroidManifest.xml:23:5-33:19
MERGED from [androidx.profileinstaller:profileinstaller:1.3.1] AndroidManifest.xml:23:5-53:19
MERGED from [androidx.profileinstaller:profileinstaller:1.3.1] AndroidManifest.xml:23:5-53:19
MERGED from [androidx.versionedparcelable:versionedparcelable:1.1.1] AndroidManifest.xml:24:5-25:19
MERGED from [androidx.versionedparcelable:versionedparcelable:1.1.1] AndroidManifest.xml:24:5-25:19
MERGED from [androidx.startup:startup-runtime:1.1.1] AndroidManifest.xml:25:5-31:19
MERGED from [androidx.startup:startup-runtime:1.1.1] AndroidManifest.xml:25:5-31:19
	android:extractNativeLibs
		INJECTED from src\main\AndroidManifest.xml
	android:requestLegacyExternalStorage
		ADDED from src\main\AndroidManifest.xml:62:9-52
	android:appComponentFactory
		ADDED from [androidx.core:core:1.13.0] AndroidManifest.xml:28:18-86
	android:supportsRtl
		ADDED from src\main\AndroidManifest.xml:59:9-35
	android:label
		ADDED from src\main\AndroidManifest.xml:57:9-29
	android:roundIcon
		ADDED from src\main\AndroidManifest.xml:58:9-40
	android:icon
		ADDED from src\main\AndroidManifest.xml:56:9-35
	android:allowBackup
		ADDED from src\main\AndroidManifest.xml:55:9-36
	android:theme
		ADDED from src\main\AndroidManifest.xml:60:9-42
	android:usesCleartextTraffic
		ADDED from src\main\AndroidManifest.xml:61:9-45
activity#com.myra.assistant.ui.main.MainActivity
ADDED from src\main\AndroidManifest.xml:65:9-76:20
	android:screenOrientation
		ADDED from src\main\AndroidManifest.xml:68:13-49
	android:excludeFromRecents
		ADDED from src\main\AndroidManifest.xml:71:13-47
	android:launchMode
		ADDED from src\main\AndroidManifest.xml:70:13-43
	android:windowSoftInputMode
		ADDED from src\main\AndroidManifest.xml:69:13-55
	android:exported
		ADDED from src\main\AndroidManifest.xml:67:13-36
	android:name
		ADDED from src\main\AndroidManifest.xml:66:13-49
intent-filter#action:name:android.intent.action.MAIN+category:name:android.intent.category.LAUNCHER
ADDED from src\main\AndroidManifest.xml:72:13-75:29
action#android.intent.action.MAIN
ADDED from src\main\AndroidManifest.xml:73:17-69
	android:name
		ADDED from src\main\AndroidManifest.xml:73:25-66
category#android.intent.category.LAUNCHER
ADDED from src\main\AndroidManifest.xml:74:17-77
	android:name
		ADDED from src\main\AndroidManifest.xml:74:27-74
activity#com.myra.assistant.ui.main.AssistLauncherActivity
ADDED from src\main\AndroidManifest.xml:79:9-92:20
	android:excludeFromRecents
		ADDED from src\main\AndroidManifest.xml:82:13-46
	android:noHistory
		ADDED from src\main\AndroidManifest.xml:83:13-37
	android:exported
		ADDED from src\main\AndroidManifest.xml:81:13-36
	android:theme
		ADDED from src\main\AndroidManifest.xml:85:13-58
	android:taskAffinity
		ADDED from src\main\AndroidManifest.xml:84:13-36
	android:name
		ADDED from src\main\AndroidManifest.xml:80:13-59
intent-filter#action:name:android.intent.action.ASSIST+action:name:android.intent.action.VOICE_ASSIST+action:name:android.intent.action.VOICE_COMMAND+category:name:android.intent.category.DEFAULT
ADDED from src\main\AndroidManifest.xml:86:13-91:29
action#android.intent.action.ASSIST
ADDED from src\main\AndroidManifest.xml:87:17-71
	android:name
		ADDED from src\main\AndroidManifest.xml:87:25-68
action#android.intent.action.VOICE_COMMAND
ADDED from src\main\AndroidManifest.xml:88:17-78
	android:name
		ADDED from src\main\AndroidManifest.xml:88:25-75
action#android.intent.action.VOICE_ASSIST
ADDED from src\main\AndroidManifest.xml:89:17-77
	android:name
		ADDED from src\main\AndroidManifest.xml:89:25-74
category#android.intent.category.DEFAULT
ADDED from src\main\AndroidManifest.xml:90:17-76
	android:name
		ADDED from src\main\AndroidManifest.xml:90:27-73
activity#com.myra.assistant.ui.main.CallAssistantActivity
ADDED from src\main\AndroidManifest.xml:95:9-105:46
	android:screenOrientation
		ADDED from src\main\AndroidManifest.xml:102:13-49
	android:turnScreenOn
		ADDED from src\main\AndroidManifest.xml:101:13-40
	android:excludeFromRecents
		ADDED from src\main\AndroidManifest.xml:103:13-46
	android:showWhenLocked
		ADDED from src\main\AndroidManifest.xml:100:13-42
	android:launchMode
		ADDED from src\main\AndroidManifest.xml:105:13-44
	android:noHistory
		ADDED from src\main\AndroidManifest.xml:104:13-37
	android:exported
		ADDED from src\main\AndroidManifest.xml:97:13-37
	android:showOnLockScreen
		ADDED from src\main\AndroidManifest.xml:99:13-44
	android:theme
		ADDED from src\main\AndroidManifest.xml:98:13-58
	android:name
		ADDED from src\main\AndroidManifest.xml:96:13-58
activity#com.myra.assistant.ui.settings.SettingsActivity
ADDED from src\main\AndroidManifest.xml:108:9-112:52
	android:screenOrientation
		ADDED from src\main\AndroidManifest.xml:112:13-49
	android:parentActivityName
		ADDED from src\main\AndroidManifest.xml:111:13-63
	android:exported
		ADDED from src\main\AndroidManifest.xml:110:13-37
	android:name
		ADDED from src\main\AndroidManifest.xml:109:13-57
activity#com.myra.assistant.security.AppLockActivity
ADDED from src\main\AndroidManifest.xml:115:9-122:51
	android:screenOrientation
		ADDED from src\main\AndroidManifest.xml:122:13-49
	android:excludeFromRecents
		ADDED from src\main\AndroidManifest.xml:120:13-46
	android:noHistory
		ADDED from src\main\AndroidManifest.xml:121:13-37
	android:exported
		ADDED from src\main\AndroidManifest.xml:117:13-37
	android:theme
		ADDED from src\main\AndroidManifest.xml:118:13-58
	android:taskAffinity
		ADDED from src\main\AndroidManifest.xml:119:13-36
	android:name
		ADDED from src\main\AndroidManifest.xml:116:13-53
activity#com.myra.assistant.security.SecuritySettingsActivity
ADDED from src\main\AndroidManifest.xml:124:9-127:65
	android:exported
		ADDED from src\main\AndroidManifest.xml:126:13-37
	android:theme
		ADDED from src\main\AndroidManifest.xml:127:13-63
	android:name
		ADDED from src\main\AndroidManifest.xml:125:13-62
activity#com.myra.assistant.security.AppSelectionActivity
ADDED from src\main\AndroidManifest.xml:129:9-133:51
	android:screenOrientation
		ADDED from src\main\AndroidManifest.xml:133:13-49
	android:exported
		ADDED from src\main\AndroidManifest.xml:131:13-37
	android:theme
		ADDED from src\main\AndroidManifest.xml:132:13-63
	android:name
		ADDED from src\main\AndroidManifest.xml:130:13-58
activity#com.myra.assistant.security.PatternSetupActivity
ADDED from src\main\AndroidManifest.xml:135:9-139:65
	android:screenOrientation
		ADDED from src\main\AndroidManifest.xml:138:13-49
	android:exported
		ADDED from src\main\AndroidManifest.xml:137:13-37
	android:theme
		ADDED from src\main\AndroidManifest.xml:139:13-63
	android:name
		ADDED from src\main\AndroidManifest.xml:136:13-58
receiver#com.myra.assistant.service.MyraDeviceAdminReceiver
ADDED from src\main\AndroidManifest.xml:142:9-154:20
	android:label
		ADDED from src\main\AndroidManifest.xml:144:13-51
	android:exported
		ADDED from src\main\AndroidManifest.xml:147:13-36
	android:permission
		ADDED from src\main\AndroidManifest.xml:146:13-70
	android:description
		ADDED from src\main\AndroidManifest.xml:145:13-51
	android:name
		ADDED from src\main\AndroidManifest.xml:143:13-60
meta-data#android.app.device_admin
ADDED from src\main\AndroidManifest.xml:148:13-150:65
	android:resource
		ADDED from src\main\AndroidManifest.xml:150:17-62
	android:name
		ADDED from src\main\AndroidManifest.xml:149:17-56
intent-filter#action:name:android.app.action.DEVICE_ADMIN_ENABLED
ADDED from src\main\AndroidManifest.xml:151:13-153:29
action#android.app.action.DEVICE_ADMIN_ENABLED
ADDED from src\main\AndroidManifest.xml:152:17-82
	android:name
		ADDED from src\main\AndroidManifest.xml:152:25-79
service#com.myra.assistant.service.MyraOverlayService
ADDED from src\main\AndroidManifest.xml:157:9-160:58
	android:exported
		ADDED from src\main\AndroidManifest.xml:159:13-37
	android:foregroundServiceType
		ADDED from src\main\AndroidManifest.xml:160:13-55
	android:name
		ADDED from src\main\AndroidManifest.xml:158:13-55
service#com.myra.assistant.service.CallMonitorService
ADDED from src\main\AndroidManifest.xml:163:9-171:19
	android:exported
		ADDED from src\main\AndroidManifest.xml:165:13-37
	android:permission
		ADDED from src\main\AndroidManifest.xml:167:13-84
	android:foregroundServiceType
		ADDED from src\main\AndroidManifest.xml:166:13-55
	android:name
		ADDED from src\main\AndroidManifest.xml:164:13-55
property#android.app.PROPERTY_SPECIAL_USE_FGS_TYPE
ADDED from src\main\AndroidManifest.xml:168:13-170:119
	android:value
		ADDED from src\main\AndroidManifest.xml:170:17-116
	android:name
		ADDED from src\main\AndroidManifest.xml:169:17-73
service#com.myra.assistant.service.AccessibilityHelperService
ADDED from src\main\AndroidManifest.xml:174:9-187:19
	android:canRetrieveWindowContent
		ADDED from src\main\AndroidManifest.xml:178:13-52
	android:exported
		ADDED from src\main\AndroidManifest.xml:177:13-37
	android:permission
		ADDED from src\main\AndroidManifest.xml:176:13-79
	android:name
		ADDED from src\main\AndroidManifest.xml:175:13-63
intent-filter#action:name:android.accessibilityservice.AccessibilityService
ADDED from src\main\AndroidManifest.xml:180:13-182:29
action#android.accessibilityservice.AccessibilityService
ADDED from src\main\AndroidManifest.xml:181:17-91
	android:name
		ADDED from src\main\AndroidManifest.xml:181:25-89
meta-data#android.accessibilityservice
ADDED from src\main\AndroidManifest.xml:184:13-186:63
	android:resource
		ADDED from src\main\AndroidManifest.xml:186:17-61
	android:name
		ADDED from src\main\AndroidManifest.xml:185:17-60
receiver#com.myra.assistant.service.PowerButtonReceiver
ADDED from src\main\AndroidManifest.xml:190:9-197:20
	android:exported
		ADDED from src\main\AndroidManifest.xml:192:13-36
	android:name
		ADDED from src\main\AndroidManifest.xml:191:13-56
intent-filter#action:name:android.intent.action.SCREEN_OFF+action:name:android.intent.action.SCREEN_ON
ADDED from src\main\AndroidManifest.xml:193:13-196:29
action#android.intent.action.SCREEN_OFF
ADDED from src\main\AndroidManifest.xml:194:17-75
	android:name
		ADDED from src\main\AndroidManifest.xml:194:25-72
action#android.intent.action.SCREEN_ON
ADDED from src\main\AndroidManifest.xml:195:17-74
	android:name
		ADDED from src\main\AndroidManifest.xml:195:25-71
receiver#com.myra.assistant.service.BootReceiver
ADDED from src\main\AndroidManifest.xml:200:9-206:20
	android:exported
		ADDED from src\main\AndroidManifest.xml:202:13-36
	android:name
		ADDED from src\main\AndroidManifest.xml:201:13-49
intent-filter#action:name:android.intent.action.BOOT_COMPLETED
ADDED from src\main\AndroidManifest.xml:203:13-205:29
action#android.intent.action.BOOT_COMPLETED
ADDED from src\main\AndroidManifest.xml:204:17-79
	android:name
		ADDED from src\main\AndroidManifest.xml:204:25-76
uses-sdk
INJECTED from src\main\AndroidManifest.xml reason: use-sdk injection requested
INJECTED from src\main\AndroidManifest.xml
INJECTED from src\main\AndroidManifest.xml
MERGED from [androidx.databinding:databinding-adapters:8.4.0] AndroidManifest.xml:5:5-44
MERGED from [androidx.databinding:databinding-adapters:8.4.0] AndroidManifest.xml:5:5-44
MERGED from [androidx.databinding:databinding-ktx:8.4.0] AndroidManifest.xml:5:5-44
MERGED from [androidx.databinding:databinding-ktx:8.4.0] AndroidManifest.xml:5:5-44
MERGED from [androidx.databinding:databinding-runtime:8.4.0] AndroidManifest.xml:5:5-44
MERGED from [androidx.databinding:databinding-runtime:8.4.0] AndroidManifest.xml:5:5-44
MERGED from [androidx.databinding:viewbinding:8.4.0] AndroidManifest.xml:5:5-44
MERGED from [androidx.databinding:viewbinding:8.4.0] AndroidManifest.xml:5:5-44
MERGED from [com.google.android.material:material:1.11.0] AndroidManifest.xml:20:5-44
MERGED from [com.google.android.material:material:1.11.0] AndroidManifest.xml:20:5-44
MERGED from [androidx.constraintlayout:constraintlayout:2.1.4] AndroidManifest.xml:5:5-7:41
MERGED from [androidx.constraintlayout:constraintlayout:2.1.4] AndroidManifest.xml:5:5-7:41
MERGED from [androidx.biometric:biometric:1.1.0] AndroidManifest.xml:20:5-22:41
MERGED from [androidx.biometric:biometric:1.1.0] AndroidManifest.xml:20:5-22:41
MERGED from [androidx.appcompat:appcompat-resources:1.6.1] AndroidManifest.xml:20:5-44
MERGED from [androidx.appcompat:appcompat-resources:1.6.1] AndroidManifest.xml:20:5-44
MERGED from [androidx.appcompat:appcompat:1.6.1] AndroidManifest.xml:20:5-44
MERGED from [androidx.appcompat:appcompat:1.6.1] AndroidManifest.xml:20:5-44
MERGED from [androidx.recyclerview:recyclerview:1.3.2] AndroidManifest.xml:20:5-44
MERGED from [androidx.recyclerview:recyclerview:1.3.2] AndroidManifest.xml:20:5-44
MERGED from [androidx.viewpager2:viewpager2:1.1.0-beta02] AndroidManifest.xml:5:5-44
MERGED from [androidx.viewpager2:viewpager2:1.1.0-beta02] AndroidManifest.xml:5:5-44
MERGED from [androidx.fragment:fragment:1.7.1] AndroidManifest.xml:5:5-44
MERGED from [androidx.fragment:fragment:1.7.1] AndroidManifest.xml:5:5-44
MERGED from [androidx.fragment:fragment-ktx:1.7.1] AndroidManifest.xml:5:5-44
MERGED from [androidx.fragment:fragment-ktx:1.7.1] AndroidManifest.xml:5:5-44
MERGED from [androidx.activity:activity:1.9.0] AndroidManifest.xml:20:5-44
MERGED from [androidx.activity:activity:1.9.0] AndroidManifest.xml:20:5-44
MERGED from [androidx.activity:activity-ktx:1.9.0] AndroidManifest.xml:5:5-44
MERGED from [androidx.activity:activity-ktx:1.9.0] AndroidManifest.xml:5:5-44
MERGED from [androidx.emoji2:emoji2-views-helper:1.2.0] AndroidManifest.xml:5:5-44
MERGED from [androidx.emoji2:emoji2-views-helper:1.2.0] AndroidManifest.xml:5:5-44
MERGED from [androidx.emoji2:emoji2:1.2.0] AndroidManifest.xml:21:5-44
MERGED from [androidx.emoji2:emoji2:1.2.0] AndroidManifest.xml:21:5-44
MERGED from [androidx.savedstate:savedstate-ktx:1.2.1] AndroidManifest.xml:20:5-44
MERGED from [androidx.savedstate:savedstate-ktx:1.2.1] AndroidManifest.xml:20:5-44
MERGED from [androidx.lifecycle:lifecycle-viewmodel-savedstate:2.7.0] AndroidManifest.xml:20:5-44
MERGED from [androidx.lifecycle:lifecycle-viewmodel-savedstate:2.7.0] AndroidManifest.xml:20:5-44
MERGED from [androidx.savedstate:savedstate:1.2.1] AndroidManifest.xml:20:5-44
MERGED from [androidx.savedstate:savedstate:1.2.1] AndroidManifest.xml:20:5-44
MERGED from [androidx.lifecycle:lifecycle-livedata-core:2.7.0] AndroidManifest.xml:20:5-44
MERGED from [androidx.lifecycle:lifecycle-livedata-core:2.7.0] AndroidManifest.xml:20:5-44
MERGED from [androidx.lifecycle:lifecycle-service:2.7.0] AndroidManifest.xml:5:5-44
MERGED from [androidx.lifecycle:lifecycle-service:2.7.0] AndroidManifest.xml:5:5-44
MERGED from [com.google.ai.client.generativeai:generativeai:0.9.0] AndroidManifest.xml:20:5-44
MERGED from [com.google.ai.client.generativeai:generativeai:0.9.0] AndroidManifest.xml:20:5-44
MERGED from [androidx.customview:customview-poolingcontainer:1.0.0] AndroidManifest.xml:20:5-21:38
MERGED from [androidx.customview:customview-poolingcontainer:1.0.0] AndroidManifest.xml:20:5-21:38
MERGED from [com.google.ai.client.generativeai:common:0.8.0] AndroidManifest.xml:20:5-44
MERGED from [com.google.ai.client.generativeai:common:0.8.0] AndroidManifest.xml:20:5-44
MERGED from [androidx.core:core-ktx:1.13.0] AndroidManifest.xml:5:5-44
MERGED from [androidx.core:core-ktx:1.13.0] AndroidManifest.xml:5:5-44
MERGED from [androidx.drawerlayout:drawerlayout:1.1.1] AndroidManifest.xml:20:5-22:41
MERGED from [androidx.drawerlayout:drawerlayout:1.1.1] AndroidManifest.xml:20:5-22:41
MERGED from [androidx.coordinatorlayout:coordinatorlayout:1.1.0] AndroidManifest.xml:20:5-22:41
MERGED from [androidx.coordinatorlayout:coordinatorlayout:1.1.0] AndroidManifest.xml:20:5-22:41
MERGED from [androidx.dynamicanimation:dynamicanimation:1.0.0] AndroidManifest.xml:20:5-44
MERGED from [androidx.dynamicanimation:dynamicanimation:1.0.0] AndroidManifest.xml:20:5-44
MERGED from [androidx.transition:transition:1.2.0] AndroidManifest.xml:20:5-22:41
MERGED from [androidx.transition:transition:1.2.0] AndroidManifest.xml:20:5-22:41
MERGED from [androidx.vectordrawable:vectordrawable-animated:1.1.0] AndroidManifest.xml:20:5-22:41
MERGED from [androidx.vectordrawable:vectordrawable-animated:1.1.0] AndroidManifest.xml:20:5-22:41
MERGED from [androidx.vectordrawable:vectordrawable:1.1.0] AndroidManifest.xml:20:5-22:41
MERGED from [androidx.vectordrawable:vectordrawable:1.1.0] AndroidManifest.xml:20:5-22:41
MERGED from [androidx.legacy:legacy-support-core-utils:1.0.0] AndroidManifest.xml:20:5-44
MERGED from [androidx.legacy:legacy-support-core-utils:1.0.0] AndroidManifest.xml:20:5-44
MERGED from [androidx.loader:loader:1.0.0] AndroidManifest.xml:20:5-44
MERGED from [androidx.loader:loader:1.0.0] AndroidManifest.xml:20:5-44
MERGED from [androidx.viewpager:viewpager:1.0.0] AndroidManifest.xml:20:5-44
MERGED from [androidx.viewpager:viewpager:1.0.0] AndroidManifest.xml:20:5-44
MERGED from [androidx.customview:customview:1.1.0] AndroidManifest.xml:20:5-22:41
MERGED from [androidx.customview:customview:1.1.0] AndroidManifest.xml:20:5-22:41
MERGED from [androidx.core:core:1.13.0] AndroidManifest.xml:20:5-44
MERGED from [androidx.core:core:1.13.0] AndroidManifest.xml:20:5-44
MERGED from [androidx.lifecycle:lifecycle-runtime:2.7.0] AndroidManifest.xml:5:5-44
MERGED from [androidx.lifecycle:lifecycle-runtime:2.7.0] AndroidManifest.xml:5:5-44
MERGED from [androidx.lifecycle:lifecycle-process:2.7.0] AndroidManifest.xml:21:5-44